<?xml version="1.0" encoding="UTF-8"?>
<testng-results ignored="0" total="1" passed="1" failed="0" skipped="0">
  <reporter-output>
  </reporter-output>
  <suite started-at="2025-09-09T19:37:44 EDT" name="Surefire suite" finished-at="2025-09-09T19:38:58 EDT" duration-ms="74584">
    <groups>
    </groups>
    <test started-at="2025-09-09T19:37:44 EDT" name="Surefire test" finished-at="2025-09-09T19:38:58 EDT" duration-ms="74584">
      <class name="qa.translink.pom.tests.HomeworkFlowTest">
        <test-method is-config="true" signature="setUp()[pri:0, instance:qa.translink.pom.tests.HomeworkFlowTest@4e91d63f]" started-at="2025-09-09T19:37:44 EDT" name="setUp" finished-at="2025-09-09T19:37:45 EDT" duration-ms="1466" status="PASS">
          <reporter-output>
          </reporter-output>
        </test-method> <!-- setUp -->
        <test-method is-config="true" signature="ensureDriverReady()[pri:0, instance:qa.translink.pom.tests.HomeworkFlowTest@4e91d63f]" started-at="2025-09-09T19:37:45 EDT" name="ensureDriverReady" finished-at="2025-09-09T19:37:45 EDT" duration-ms="0" status="PASS">
          <reporter-output>
          </reporter-output>
        </test-method> <!-- ensureDriverReady -->
        <test-method signature="homework_and_bonus_pom()[pri:0, instance:qa.translink.pom.tests.HomeworkFlowTest@4e91d63f]" started-at="2025-09-09T19:37:45 EDT" name="homework_and_bonus_pom" finished-at="2025-09-09T19:38:58 EDT" duration-ms="73000" status="PASS">
          <reporter-output>
          </reporter-output>
        </test-method> <!-- homework_and_bonus_pom -->
        <test-method is-config="true" signature="snapOnFail(org.testng.ITestResult)[pri:0, instance:qa.translink.pom.tests.HomeworkFlowTest@4e91d63f]" started-at="2025-09-09T19:38:58 EDT" name="snapOnFail" finished-at="2025-09-09T19:38:58 EDT" duration-ms="2" status="PASS">
          <params>
            <param index="0">
              <value>
                <![CDATA[[TestResult name=homework_and_bonus_pom status=SUCCESS method=HomeworkFlowTest.homework_and_bonus_pom()[pri:0, instance:qa.translink.pom.tests.HomeworkFlowTest@4e91d63f] output={null}]]]>
              </value>
            </param>
          </params>
          <reporter-output>
          </reporter-output>
        </test-method> <!-- snapOnFail -->
        <test-method is-config="true" signature="tearDown()[pri:0, instance:qa.translink.pom.tests.HomeworkFlowTest@4e91d63f]" started-at="2025-09-09T19:38:58 EDT" name="tearDown" finished-at="2025-09-09T19:38:58 EDT" duration-ms="80" status="PASS">
          <reporter-output>
          </reporter-output>
        </test-method> <!-- tearDown -->
      </class> <!-- qa.translink.pom.tests.HomeworkFlowTest -->
    </test> <!-- Surefire test -->
  </suite> <!-- Surefire suite -->
</testng-results>
